DEBUG - 2025-09-25 10:03:48 --> Session: Class initialized using 'CodeIgniter\Session\Handlers\FileHandler' driver.
DEBUG - 2025-09-25 10:06:45 --> Session: Class initialized using 'CodeIgniter\Session\Handlers\FileHandler' driver.
CRITICAL - 2025-09-25 10:15:13 --> ParseError: syntax error, unexpected token "class"
[Method: GET, Route: test]
in APPPATH\Controllers\Test.php on line 6.
 1 FCPATH\vendor\composer\ClassLoader.php(427): Composer\Autoload\{closure}('C:\\wamp64\\www\\pharmaloz\\vendor\\composer/../../app\\Controllers\\Test.php')
 2 [internal function]: Composer\Autoload\ClassLoader->loadClass('App\\Controllers\\Test')
 3 SYSTEMPATH\Router\AutoRouterImproved.php(174): class_exists('\\App\\Controllers\\Test')
 4 SYSTEMPATH\Router\AutoRouterImproved.php(282): CodeIgniter\Router\AutoRouterImproved->searchFirstController()
 5 SYSTEMPATH\Router\Router.php(567): CodeIgniter\Router\AutoRouterImproved->getRoute('test', 'get')
 6 SYSTEMPATH\Router\Router.php(231): CodeIgniter\Router\Router->autoRoute('test')
 7 SYSTEMPATH\CodeIgniter.php(832): CodeIgniter\Router\Router->handle('test')
 8 SYSTEMPATH\CodeIgniter.php(455): CodeIgniter\CodeIgniter->tryToRouteIt(Object(CodeIgniter\Router\RouteCollection))
 9 SYSTEMPATH\CodeIgniter.php(354): CodeIgniter\CodeIgniter->handleRequest(null, Object(Config\Cache), false)
10 SYSTEMPATH\Boot.php(363): CodeIgniter\CodeIgniter->run()
11 SYSTEMPATH\Boot.php(68): CodeIgniter\Boot::runCodeIgniter(Object(CodeIgniter\CodeIgniter))
12 FCPATH\index.php(59): CodeIgniter\Boot::bootWeb(Object(Config\Paths))
DEBUG - 2025-09-25 10:15:18 --> Session: Class initialized using 'CodeIgniter\Session\Handlers\FileHandler' driver.
DEBUG - 2025-09-25 10:16:16 --> Session: Class initialized using 'CodeIgniter\Session\Handlers\FileHandler' driver.
DEBUG - 2025-09-25 10:18:19 --> Session: Class initialized using 'CodeIgniter\Session\Handlers\FileHandler' driver.
DEBUG - 2025-09-25 10:18:24 --> Session: Class initialized using 'CodeIgniter\Session\Handlers\FileHandler' driver.
DEBUG - 2025-09-25 10:20:12 --> Session: Class initialized using 'CodeIgniter\Session\Handlers\FileHandler' driver.
CRITICAL - 2025-09-25 10:20:12 --> Error: Class "App\Models\Categorie" not found
[Method: GET, Route: test]
in APPPATH\Controllers\Test.php on line 11.
 1 SYSTEMPATH\CodeIgniter.php(933): App\Controllers\Test->getIndex()
 2 SYSTEMPATH\CodeIgniter.php(507): CodeIgniter\CodeIgniter->runController(Object(App\Controllers\Test))
 3 SYSTEMPATH\CodeIgniter.php(354): CodeIgniter\CodeIgniter->handleRequest(null, Object(Config\Cache), false)
 4 SYSTEMPATH\Boot.php(363): CodeIgniter\CodeIgniter->run()
 5 SYSTEMPATH\Boot.php(68): CodeIgniter\Boot::runCodeIgniter(Object(CodeIgniter\CodeIgniter))
 6 FCPATH\index.php(59): CodeIgniter\Boot::bootWeb(Object(Config\Paths))
DEBUG - 2025-09-25 10:20:59 --> Session: Class initialized using 'CodeIgniter\Session\Handlers\FileHandler' driver.
DEBUG - 2025-09-25 10:21:05 --> Session: Class initialized using 'CodeIgniter\Session\Handlers\FileHandler' driver.
DEBUG - 2025-09-25 10:22:12 --> Session: Class initialized using 'CodeIgniter\Session\Handlers\FileHandler' driver.
DEBUG - 2025-09-25 10:22:22 --> Session: Class initialized using 'CodeIgniter\Session\Handlers\FileHandler' driver.
DEBUG - 2025-09-25 10:23:01 --> Session: Class initialized using 'CodeIgniter\Session\Handlers\FileHandler' driver.
DEBUG - 2025-09-25 10:24:46 --> Session: Class initialized using 'CodeIgniter\Session\Handlers\FileHandler' driver.
DEBUG - 2025-09-25 10:32:33 --> Session: Class initialized using 'CodeIgniter\Session\Handlers\FileHandler' driver.
CRITICAL - 2025-09-25 10:32:33 --> Exception: Property [produits] does not exist on this collection instance.
[Method: GET, Route: test]
in FCPATH\vendor\illuminate\collections\Traits\EnumeratesValues.php on line 1056.
 1 APPPATH\Controllers\Test.php(25): Illuminate\Support\Collection->__get('produits')
 2 SYSTEMPATH\CodeIgniter.php(933): App\Controllers\Test->getIndex()
 3 SYSTEMPATH\CodeIgniter.php(507): CodeIgniter\CodeIgniter->runController(Object(App\Controllers\Test))
 4 SYSTEMPATH\CodeIgniter.php(354): CodeIgniter\CodeIgniter->handleRequest(null, Object(Config\Cache), false)
 5 SYSTEMPATH\Boot.php(363): CodeIgniter\CodeIgniter->run()
 6 SYSTEMPATH\Boot.php(68): CodeIgniter\Boot::runCodeIgniter(Object(CodeIgniter\CodeIgniter))
 7 FCPATH\index.php(59): CodeIgniter\Boot::bootWeb(Object(Config\Paths))
DEBUG - 2025-09-25 10:36:51 --> Session: Class initialized using 'CodeIgniter\Session\Handlers\FileHandler' driver.
DEBUG - 2025-09-25 10:37:20 --> Session: Class initialized using 'CodeIgniter\Session\Handlers\FileHandler' driver.
DEBUG - 2025-09-25 10:37:27 --> Session: Class initialized using 'CodeIgniter\Session\Handlers\FileHandler' driver.
DEBUG - 2025-09-25 10:38:20 --> Session: Class initialized using 'CodeIgniter\Session\Handlers\FileHandler' driver.
DEBUG - 2025-09-25 10:38:33 --> Session: Class initialized using 'CodeIgniter\Session\Handlers\FileHandler' driver.
DEBUG - 2025-09-25 10:39:21 --> Session: Class initialized using 'CodeIgniter\Session\Handlers\FileHandler' driver.
DEBUG - 2025-09-25 10:39:41 --> Session: Class initialized using 'CodeIgniter\Session\Handlers\FileHandler' driver.
DEBUG - 2025-09-25 10:41:10 --> Session: Class initialized using 'CodeIgniter\Session\Handlers\FileHandler' driver.
DEBUG - 2025-09-25 10:41:29 --> Session: Class initialized using 'CodeIgniter\Session\Handlers\FileHandler' driver.
DEBUG - 2025-09-25 10:42:27 --> Session: Class initialized using 'CodeIgniter\Session\Handlers\FileHandler' driver.
DEBUG - 2025-09-25 10:42:41 --> Session: Class initialized using 'CodeIgniter\Session\Handlers\FileHandler' driver.
DEBUG - 2025-09-25 10:43:35 --> Session: Class initialized using 'CodeIgniter\Session\Handlers\FileHandler' driver.
CRITICAL - 2025-09-25 10:43:35 --> Illuminate\Database\QueryException: SQLSTATE[42S22]: Column not found: 1054 Champ 'produits.categorie_id' inconnu dans where clause (Connection: default, SQL: select * from `produits` where `produits`.`categorie_id` = 1 and `produits`.`categorie_id` is not null)
[Method: GET, Route: test]
in FCPATH\vendor\illuminate\database\Connection.php on line 824.
 1 FCPATH\vendor\illuminate\database\Connection.php(778): Illuminate\Database\Connection->runQueryCallback('select * from `produits` where `produits`.`categorie_id` = ? and `produits`.`categorie_id` is not null', [...], Object(Closure))
 2 FCPATH\vendor\illuminate\database\Connection.php(397): Illuminate\Database\Connection->run('select * from `produits` where `produits`.`categorie_id` = ? and `produits`.`categorie_id` is not null', [...], Object(Closure))
 3 FCPATH\vendor\illuminate\database\Query\Builder.php(3188): Illuminate\Database\Connection->select('select * from `produits` where `produits`.`categorie_id` = ? and `produits`.`categorie_id` is not null', [...], true)
 4 FCPATH\vendor\illuminate\database\Query\Builder.php(3173): Illuminate\Database\Query\Builder->runSelect()
 5 FCPATH\vendor\illuminate\database\Query\Builder.php(3763): Illuminate\Database\Query\Builder->Illuminate\Database\Query\{closure}()
 6 FCPATH\vendor\illuminate\database\Query\Builder.php(3172): Illuminate\Database\Query\Builder->onceWithColumns([...], Object(Closure))
 7 FCPATH\vendor\illuminate\database\Eloquent\Builder.php(902): Illuminate\Database\Query\Builder->get([...])
 8 FCPATH\vendor\illuminate\database\Eloquent\Builder.php(884): Illuminate\Database\Eloquent\Builder->getModels([...])
 9 FCPATH\vendor\illuminate\database\Eloquent\Relations\HasMany.php(41): Illuminate\Database\Eloquent\Builder->get()
10 FCPATH\vendor\illuminate\database\Eloquent\Concerns\HasAttributes.php(635): Illuminate\Database\Eloquent\Relations\HasMany->getResults()
11 FCPATH\vendor\illuminate\database\Eloquent\Concerns\HasAttributes.php(573): Illuminate\Database\Eloquent\Model->getRelationshipFromMethod('produits')
12 FCPATH\vendor\illuminate\database\Eloquent\Concerns\HasAttributes.php(494): Illuminate\Database\Eloquent\Model->getRelationValue('produits')
13 FCPATH\vendor\illuminate\database\Eloquent\Model.php(2423): Illuminate\Database\Eloquent\Model->getAttribute('produits')
14 APPPATH\Controllers\Test.php(31): Illuminate\Database\Eloquent\Model->__get('produits')
15 SYSTEMPATH\CodeIgniter.php(933): App\Controllers\Test->getIndex()
16 SYSTEMPATH\CodeIgniter.php(507): CodeIgniter\CodeIgniter->runController(Object(App\Controllers\Test))
17 SYSTEMPATH\CodeIgniter.php(354): CodeIgniter\CodeIgniter->handleRequest(null, Object(Config\Cache), false)
18 SYSTEMPATH\Boot.php(363): CodeIgniter\CodeIgniter->run()
19 SYSTEMPATH\Boot.php(68): CodeIgniter\Boot::runCodeIgniter(Object(CodeIgniter\CodeIgniter))
20 FCPATH\index.php(59): CodeIgniter\Boot::bootWeb(Object(Config\Paths))
CRITICAL - 2025-09-25 10:43:35 --> [Caused by] PDOException: SQLSTATE[42S22]: Column not found: 1054 Champ 'produits.categorie_id' inconnu dans where clause
in FCPATH\vendor\illuminate\database\Connection.php on line 406.
 1 FCPATH\vendor\illuminate\database\Connection.php(406): PDO->prepare('select * from `produits` where `produits`.`categorie_id` = ? and `produits`.`categorie_id` is not null')
 2 FCPATH\vendor\illuminate\database\Connection.php(811): Illuminate\Database\Connection->Illuminate\Database\{closure}('select * from `produits` where `produits`.`categorie_id` = ? and `produits`.`categorie_id` is not null', [...])
 3 FCPATH\vendor\illuminate\database\Connection.php(778): Illuminate\Database\Connection->runQueryCallback('select * from `produits` where `produits`.`categorie_id` = ? and `produits`.`categorie_id` is not null', [...], Object(Closure))
 4 FCPATH\vendor\illuminate\database\Connection.php(397): Illuminate\Database\Connection->run('select * from `produits` where `produits`.`categorie_id` = ? and `produits`.`categorie_id` is not null', [...], Object(Closure))
 5 FCPATH\vendor\illuminate\database\Query\Builder.php(3188): Illuminate\Database\Connection->select('select * from `produits` where `produits`.`categorie_id` = ? and `produits`.`categorie_id` is not null', [...], true)
 6 FCPATH\vendor\illuminate\database\Query\Builder.php(3173): Illuminate\Database\Query\Builder->runSelect()
 7 FCPATH\vendor\illuminate\database\Query\Builder.php(3763): Illuminate\Database\Query\Builder->Illuminate\Database\Query\{closure}()
 8 FCPATH\vendor\illuminate\database\Query\Builder.php(3172): Illuminate\Database\Query\Builder->onceWithColumns([...], Object(Closure))
 9 FCPATH\vendor\illuminate\database\Eloquent\Builder.php(902): Illuminate\Database\Query\Builder->get([...])
10 FCPATH\vendor\illuminate\database\Eloquent\Builder.php(884): Illuminate\Database\Eloquent\Builder->getModels([...])
11 FCPATH\vendor\illuminate\database\Eloquent\Relations\HasMany.php(41): Illuminate\Database\Eloquent\Builder->get()
12 FCPATH\vendor\illuminate\database\Eloquent\Concerns\HasAttributes.php(635): Illuminate\Database\Eloquent\Relations\HasMany->getResults()
13 FCPATH\vendor\illuminate\database\Eloquent\Concerns\HasAttributes.php(573): Illuminate\Database\Eloquent\Model->getRelationshipFromMethod('produits')
14 FCPATH\vendor\illuminate\database\Eloquent\Concerns\HasAttributes.php(494): Illuminate\Database\Eloquent\Model->getRelationValue('produits')
15 FCPATH\vendor\illuminate\database\Eloquent\Model.php(2423): Illuminate\Database\Eloquent\Model->getAttribute('produits')
16 APPPATH\Controllers\Test.php(31): Illuminate\Database\Eloquent\Model->__get('produits')
17 SYSTEMPATH\CodeIgniter.php(933): App\Controllers\Test->getIndex()
18 SYSTEMPATH\CodeIgniter.php(507): CodeIgniter\CodeIgniter->runController(Object(App\Controllers\Test))
19 SYSTEMPATH\CodeIgniter.php(354): CodeIgniter\CodeIgniter->handleRequest(null, Object(Config\Cache), false)
20 SYSTEMPATH\Boot.php(363): CodeIgniter\CodeIgniter->run()
21 SYSTEMPATH\Boot.php(68): CodeIgniter\Boot::runCodeIgniter(Object(CodeIgniter\CodeIgniter))
22 FCPATH\index.php(59): CodeIgniter\Boot::bootWeb(Object(Config\Paths))
