DEBUG - 2026-02-09 08:43:41 --> Session: Class initialized using 'CodeIgniter\Session\Handlers\FileHandler' driver.
DEBUG - 2026-02-09 08:44:29 --> Session: Class initialized using 'CodeIgniter\Session\Handlers\FileHandler' driver.
DEBUG - 2026-02-09 08:44:32 --> Session: Class initialized using 'CodeIgniter\Session\Handlers\FileHandler' driver.
DEBUG - 2026-02-09 08:44:39 --> Session: Class initialized using 'CodeIgniter\Session\Handlers\FileHandler' driver.
DEBUG - 2026-02-09 08:44:41 --> Session: Class initialized using 'CodeIgniter\Session\Handlers\FileHandler' driver.
DEBUG - 2026-02-09 11:38:06 --> Session: Class initialized using 'CodeIgniter\Session\Handlers\FileHandler' driver.
DEBUG - 2026-02-09 11:38:08 --> Session: Class initialized using 'CodeIgniter\Session\Handlers\FileHandler' driver.
DEBUG - 2026-02-09 11:38:24 --> Session: Class initialized using 'CodeIgniter\Session\Handlers\FileHandler' driver.
DEBUG - 2026-02-09 11:38:26 --> Session: Class initialized using 'CodeIgniter\Session\Handlers\FileHandler' driver.
DEBUG - 2026-02-09 11:38:32 --> Session: Class initialized using 'CodeIgniter\Session\Handlers\FileHandler' driver.
DEBUG - 2026-02-09 11:38:34 --> Session: Class initialized using 'CodeIgniter\Session\Handlers\FileHandler' driver.
DEBUG - 2026-02-09 11:38:34 --> Session: Class initialized using 'CodeIgniter\Session\Handlers\FileHandler' driver.
DEBUG - 2026-02-09 11:38:35 --> Session: Class initialized using 'CodeIgniter\Session\Handlers\FileHandler' driver.
DEBUG - 2026-02-09 11:38:35 --> Session: Class initialized using 'CodeIgniter\Session\Handlers\FileHandler' driver.
DEBUG - 2026-02-09 11:38:35 --> Session: Class initialized using 'CodeIgniter\Session\Handlers\FileHandler' driver.
DEBUG - 2026-02-09 11:38:35 --> Session: Class initialized using 'CodeIgniter\Session\Handlers\FileHandler' driver.
DEBUG - 2026-02-09 11:38:37 --> Session: Class initialized using 'CodeIgniter\Session\Handlers\FileHandler' driver.
DEBUG - 2026-02-09 11:43:25 --> Session: Class initialized using 'CodeIgniter\Session\Handlers\FileHandler' driver.
DEBUG - 2026-02-09 11:43:25 --> Session: Class initialized using 'CodeIgniter\Session\Handlers\FileHandler' driver.
DEBUG - 2026-02-09 11:44:40 --> Session: Class initialized using 'CodeIgniter\Session\Handlers\FileHandler' driver.
DEBUG - 2026-02-09 11:44:41 --> Session: Class initialized using 'CodeIgniter\Session\Handlers\FileHandler' driver.
DEBUG - 2026-02-09 11:44:41 --> Session: Class initialized using 'CodeIgniter\Session\Handlers\FileHandler' driver.
DEBUG - 2026-02-09 11:45:16 --> Session: Class initialized using 'CodeIgniter\Session\Handlers\FileHandler' driver.
DEBUG - 2026-02-09 11:45:33 --> Session: Class initialized using 'CodeIgniter\Session\Handlers\FileHandler' driver.
DEBUG - 2026-02-09 11:45:51 --> Session: Class initialized using 'CodeIgniter\Session\Handlers\FileHandler' driver.
DEBUG - 2026-02-09 11:45:51 --> Session: Class initialized using 'CodeIgniter\Session\Handlers\FileHandler' driver.
DEBUG - 2026-02-09 11:45:58 --> Session: Class initialized using 'CodeIgniter\Session\Handlers\FileHandler' driver.
DEBUG - 2026-02-09 11:45:58 --> Session: Class initialized using 'CodeIgniter\Session\Handlers\FileHandler' driver.
DEBUG - 2026-02-09 11:46:07 --> Session: Class initialized using 'CodeIgniter\Session\Handlers\FileHandler' driver.
DEBUG - 2026-02-09 11:46:07 --> Session: Class initialized using 'CodeIgniter\Session\Handlers\FileHandler' driver.
DEBUG - 2026-02-09 11:46:11 --> Session: Class initialized using 'CodeIgniter\Session\Handlers\FileHandler' driver.
DEBUG - 2026-02-09 11:46:12 --> Session: Class initialized using 'CodeIgniter\Session\Handlers\FileHandler' driver.
DEBUG - 2026-02-09 11:46:19 --> Session: Class initialized using 'CodeIgniter\Session\Handlers\FileHandler' driver.
CRITICAL - 2026-02-09 11:46:19 --> Illuminate\Database\QueryException: SQLSTATE[42S22]: Column not found: 1054 Champ 'commentaire' inconnu dans field list (Connection: default, SQL: insert into `commandes` (`statut`, `date_heure`, `creneau_retrait`, `commentaire`, `utilisateur_id`) values (En cours, 2026-02-09 11:46:19, 2026-02-09 15:25:00, Aucun commentaire, 31))
[Method: POST, Route: passagecommande/traitementcommande]
in FCPATH\vendor\illuminate\database\Connection.php on line 826.
 1 FCPATH\vendor\illuminate\database\Connection.php(780): Illuminate\Database\Connection->runQueryCallback('insert into `commandes` (`statut`, `date_heure`, `creneau_retrait`, `commentaire`, `utilisateur_id`) values (?, ?, ?, ?, ?)', [...], Object(Closure))
 2 FCPATH\vendor\illuminate\database\MySqlConnection.php(42): Illuminate\Database\Connection->run('insert into `commandes` (`statut`, `date_heure`, `creneau_retrait`, `commentaire`, `utilisateur_id`) values (?, ?, ?, ?, ?)', [...], Object(Closure))
 3 FCPATH\vendor\illuminate\database\Query\Processors\MySqlProcessor.php(35): Illuminate\Database\MySqlConnection->insert('insert into `commandes` (`statut`, `date_heure`, `creneau_retrait`, `commentaire`, `utilisateur_id`) values (?, ?, ?, ?, ?)', [...], 'id')
 4 FCPATH\vendor\illuminate\database\Query\Builder.php(3853): Illuminate\Database\Query\Processors\MySqlProcessor->processInsertGetId(Object(Illuminate\Database\Query\Builder), 'insert into `commandes` (`statut`, `date_heure`, `creneau_retrait`, `commentaire`, `utilisateur_id`) values (?, ?, ?, ?, ?)', [...], 'id')
 5 FCPATH\vendor\illuminate\database\Eloquent\Builder.php(2235): Illuminate\Database\Query\Builder->insertGetId([...], 'id')
 6 FCPATH\vendor\illuminate\database\Eloquent\Model.php(1436): Illuminate\Database\Eloquent\Builder->__call('insertGetId', [...])
 7 FCPATH\vendor\illuminate\database\Eloquent\Model.php(1401): Illuminate\Database\Eloquent\Model->insertAndSetId(Object(Illuminate\Database\Eloquent\Builder), [...])
 8 FCPATH\vendor\illuminate\database\Eloquent\Model.php(1240): Illuminate\Database\Eloquent\Model->performInsert(Object(Illuminate\Database\Eloquent\Builder))
 9 FCPATH\vendor\illuminate\database\Eloquent\Builder.php(1219): Illuminate\Database\Eloquent\Model->save()
10 FCPATH\vendor\illuminate\support\helpers.php(390): Illuminate\Database\Eloquent\Builder->Illuminate\Database\Eloquent\{closure}(Object(App\Models\Commande))
11 FCPATH\vendor\illuminate\database\Eloquent\Builder.php(1218): tap(Object(App\Models\Commande), Object(Closure))
12 FCPATH\vendor\illuminate\support\Traits\ForwardsCalls.php(23): Illuminate\Database\Eloquent\Builder->create([...])
13 FCPATH\vendor\illuminate\database\Eloquent\Model.php(2540): Illuminate\Database\Eloquent\Model->forwardCallTo(Object(Illuminate\Database\Eloquent\Builder), 'create', [...])
14 FCPATH\vendor\illuminate\database\Eloquent\Model.php(2556): Illuminate\Database\Eloquent\Model->__call('create', [...])
15 APPPATH\Controllers\Passagecommande.php(94): Illuminate\Database\Eloquent\Model::__callStatic('create', [...])
16 SYSTEMPATH\CodeIgniter.php(933): App\Controllers\Passagecommande->postTraitementcommande()
17 SYSTEMPATH\CodeIgniter.php(507): CodeIgniter\CodeIgniter->runController(Object(App\Controllers\Passagecommande))
18 SYSTEMPATH\CodeIgniter.php(354): CodeIgniter\CodeIgniter->handleRequest(null, Object(Config\Cache), false)
19 SYSTEMPATH\Boot.php(363): CodeIgniter\CodeIgniter->run()
20 SYSTEMPATH\Boot.php(68): CodeIgniter\Boot::runCodeIgniter(Object(CodeIgniter\CodeIgniter))
21 FCPATH\index.php(59): CodeIgniter\Boot::bootWeb(Object(Config\Paths))
CRITICAL - 2026-02-09 11:46:19 --> [Caused by] PDOException: SQLSTATE[42S22]: Column not found: 1054 Champ 'commentaire' inconnu dans field list
in FCPATH\vendor\illuminate\database\MySqlConnection.php on line 47.
 1 FCPATH\vendor\illuminate\database\MySqlConnection.php(47): PDO->prepare('insert into `commandes` (`statut`, `date_heure`, `creneau_retrait`, `commentaire`, `utilisateur_id`) values (?, ?, ?, ?, ?)')
 2 FCPATH\vendor\illuminate\database\Connection.php(813): Illuminate\Database\MySqlConnection->Illuminate\Database\{closure}('insert into `commandes` (`statut`, `date_heure`, `creneau_retrait`, `commentaire`, `utilisateur_id`) values (?, ?, ?, ?, ?)', [...])
 3 FCPATH\vendor\illuminate\database\Connection.php(780): Illuminate\Database\Connection->runQueryCallback('insert into `commandes` (`statut`, `date_heure`, `creneau_retrait`, `commentaire`, `utilisateur_id`) values (?, ?, ?, ?, ?)', [...], Object(Closure))
 4 FCPATH\vendor\illuminate\database\MySqlConnection.php(42): Illuminate\Database\Connection->run('insert into `commandes` (`statut`, `date_heure`, `creneau_retrait`, `commentaire`, `utilisateur_id`) values (?, ?, ?, ?, ?)', [...], Object(Closure))
 5 FCPATH\vendor\illuminate\database\Query\Processors\MySqlProcessor.php(35): Illuminate\Database\MySqlConnection->insert('insert into `commandes` (`statut`, `date_heure`, `creneau_retrait`, `commentaire`, `utilisateur_id`) values (?, ?, ?, ?, ?)', [...], 'id')
 6 FCPATH\vendor\illuminate\database\Query\Builder.php(3853): Illuminate\Database\Query\Processors\MySqlProcessor->processInsertGetId(Object(Illuminate\Database\Query\Builder), 'insert into `commandes` (`statut`, `date_heure`, `creneau_retrait`, `commentaire`, `utilisateur_id`) values (?, ?, ?, ?, ?)', [...], 'id')
 7 FCPATH\vendor\illuminate\database\Eloquent\Builder.php(2235): Illuminate\Database\Query\Builder->insertGetId([...], 'id')
 8 FCPATH\vendor\illuminate\database\Eloquent\Model.php(1436): Illuminate\Database\Eloquent\Builder->__call('insertGetId', [...])
 9 FCPATH\vendor\illuminate\database\Eloquent\Model.php(1401): Illuminate\Database\Eloquent\Model->insertAndSetId(Object(Illuminate\Database\Eloquent\Builder), [...])
10 FCPATH\vendor\illuminate\database\Eloquent\Model.php(1240): Illuminate\Database\Eloquent\Model->performInsert(Object(Illuminate\Database\Eloquent\Builder))
11 FCPATH\vendor\illuminate\database\Eloquent\Builder.php(1219): Illuminate\Database\Eloquent\Model->save()
12 FCPATH\vendor\illuminate\support\helpers.php(390): Illuminate\Database\Eloquent\Builder->Illuminate\Database\Eloquent\{closure}(Object(App\Models\Commande))
13 FCPATH\vendor\illuminate\database\Eloquent\Builder.php(1218): tap(Object(App\Models\Commande), Object(Closure))
14 FCPATH\vendor\illuminate\support\Traits\ForwardsCalls.php(23): Illuminate\Database\Eloquent\Builder->create([...])
15 FCPATH\vendor\illuminate\database\Eloquent\Model.php(2540): Illuminate\Database\Eloquent\Model->forwardCallTo(Object(Illuminate\Database\Eloquent\Builder), 'create', [...])
16 FCPATH\vendor\illuminate\database\Eloquent\Model.php(2556): Illuminate\Database\Eloquent\Model->__call('create', [...])
17 APPPATH\Controllers\Passagecommande.php(94): Illuminate\Database\Eloquent\Model::__callStatic('create', [...])
18 SYSTEMPATH\CodeIgniter.php(933): App\Controllers\Passagecommande->postTraitementcommande()
19 SYSTEMPATH\CodeIgniter.php(507): CodeIgniter\CodeIgniter->runController(Object(App\Controllers\Passagecommande))
20 SYSTEMPATH\CodeIgniter.php(354): CodeIgniter\CodeIgniter->handleRequest(null, Object(Config\Cache), false)
21 SYSTEMPATH\Boot.php(363): CodeIgniter\CodeIgniter->run()
22 SYSTEMPATH\Boot.php(68): CodeIgniter\Boot::runCodeIgniter(Object(CodeIgniter\CodeIgniter))
23 FCPATH\index.php(59): CodeIgniter\Boot::bootWeb(Object(Config\Paths))
DEBUG - 2026-02-09 11:46:41 --> Session: Class initialized using 'CodeIgniter\Session\Handlers\FileHandler' driver.
DEBUG - 2026-02-09 11:46:41 --> Session: Class initialized using 'CodeIgniter\Session\Handlers\FileHandler' driver.
DEBUG - 2026-02-09 11:46:57 --> Session: Class initialized using 'CodeIgniter\Session\Handlers\FileHandler' driver.
DEBUG - 2026-02-09 11:49:17 --> Session: Class initialized using 'CodeIgniter\Session\Handlers\FileHandler' driver.
DEBUG - 2026-02-09 13:13:22 --> Session: Class initialized using 'CodeIgniter\Session\Handlers\FileHandler' driver.
DEBUG - 2026-02-09 13:19:08 --> Session: Class initialized using 'CodeIgniter\Session\Handlers\FileHandler' driver.
DEBUG - 2026-02-09 13:19:11 --> Session: Class initialized using 'CodeIgniter\Session\Handlers\FileHandler' driver.
DEBUG - 2026-02-09 13:19:16 --> Session: Class initialized using 'CodeIgniter\Session\Handlers\FileHandler' driver.
CRITICAL - 2026-02-09 13:19:16 --> ErrorException: Attempt to read property "id" on null
[Method: GET, Route: account/voircommande/6804548]
in APPPATH\Views\auth\voircommande.php on line 44.
 1 APPPATH\Views\auth\voircommande.php(44): CodeIgniter\Debug\Exceptions->errorHandler(2, 'Attempt to read property "id" on null', 'C:\\wamp64\\www\\pharmaloz\\app\\Views\\auth\\voircommande.php', 44)
 2 SYSTEMPATH\View\View.php(226): include('C:\\wamp64\\www\\pharmaloz\\app\\Views\\auth\\voircommande.php')
 3 SYSTEMPATH\View\View.php(229): CodeIgniter\View\View->CodeIgniter\View\{closure}()
 4 SYSTEMPATH\Common.php(1199): CodeIgniter\View\View->render('auth/voircommande', [], true)
 5 APPPATH\Controllers\Account.php(89): view('auth/voircommande', [...])
 6 SYSTEMPATH\CodeIgniter.php(933): App\Controllers\Account->getVoircommande('6804548')
 7 SYSTEMPATH\CodeIgniter.php(507): CodeIgniter\CodeIgniter->runController(Object(App\Controllers\Account))
 8 SYSTEMPATH\CodeIgniter.php(354): CodeIgniter\CodeIgniter->handleRequest(null, Object(Config\Cache), false)
 9 SYSTEMPATH\Boot.php(363): CodeIgniter\CodeIgniter->run()
10 SYSTEMPATH\Boot.php(68): CodeIgniter\Boot::runCodeIgniter(Object(CodeIgniter\CodeIgniter))
11 FCPATH\index.php(59): CodeIgniter\Boot::bootWeb(Object(Config\Paths))
