DEBUG - 2026-01-22 00:00:05 --> Session: Class initialized using 'CodeIgniter\Session\Handlers\FileHandler' driver.
DEBUG - 2026-01-22 00:00:08 --> Session: Class initialized using 'CodeIgniter\Session\Handlers\FileHandler' driver.
DEBUG - 2026-01-22 00:02:05 --> Session: Class initialized using 'CodeIgniter\Session\Handlers\FileHandler' driver.
DEBUG - 2026-01-22 00:02:08 --> Session: Class initialized using 'CodeIgniter\Session\Handlers\FileHandler' driver.
DEBUG - 2026-01-22 00:03:54 --> Session: Class initialized using 'CodeIgniter\Session\Handlers\FileHandler' driver.
DEBUG - 2026-01-22 00:03:57 --> Session: Class initialized using 'CodeIgniter\Session\Handlers\FileHandler' driver.
DEBUG - 2026-01-22 00:04:15 --> Session: Class initialized using 'CodeIgniter\Session\Handlers\FileHandler' driver.
DEBUG - 2026-01-22 00:04:34 --> Session: Class initialized using 'CodeIgniter\Session\Handlers\FileHandler' driver.
DEBUG - 2026-01-22 00:04:34 --> Session: Class initialized using 'CodeIgniter\Session\Handlers\FileHandler' driver.
DEBUG - 2026-01-22 00:04:52 --> Session: Class initialized using 'CodeIgniter\Session\Handlers\FileHandler' driver.
DEBUG - 2026-01-22 00:04:53 --> Session: Class initialized using 'CodeIgniter\Session\Handlers\FileHandler' driver.
DEBUG - 2026-01-22 00:05:17 --> Session: Class initialized using 'CodeIgniter\Session\Handlers\FileHandler' driver.
DEBUG - 2026-01-22 00:06:40 --> Session: Class initialized using 'CodeIgniter\Session\Handlers\FileHandler' driver.
DEBUG - 2026-01-22 00:06:43 --> Session: Class initialized using 'CodeIgniter\Session\Handlers\FileHandler' driver.
DEBUG - 2026-01-22 00:07:09 --> Session: Class initialized using 'CodeIgniter\Session\Handlers\FileHandler' driver.
DEBUG - 2026-01-22 00:07:33 --> Session: Class initialized using 'CodeIgniter\Session\Handlers\FileHandler' driver.
DEBUG - 2026-01-22 00:07:38 --> Session: Class initialized using 'CodeIgniter\Session\Handlers\FileHandler' driver.
DEBUG - 2026-01-22 00:07:38 --> Session: Class initialized using 'CodeIgniter\Session\Handlers\FileHandler' driver.
DEBUG - 2026-01-22 00:07:43 --> Session: Class initialized using 'CodeIgniter\Session\Handlers\FileHandler' driver.
DEBUG - 2026-01-22 00:07:43 --> Session: Class initialized using 'CodeIgniter\Session\Handlers\FileHandler' driver.
DEBUG - 2026-01-22 00:07:51 --> Session: Class initialized using 'CodeIgniter\Session\Handlers\FileHandler' driver.
DEBUG - 2026-01-22 00:08:09 --> Session: Class initialized using 'CodeIgniter\Session\Handlers\FileHandler' driver.
DEBUG - 2026-01-22 00:08:09 --> Session: Class initialized using 'CodeIgniter\Session\Handlers\FileHandler' driver.
DEBUG - 2026-01-22 00:08:14 --> Session: Class initialized using 'CodeIgniter\Session\Handlers\FileHandler' driver.
DEBUG - 2026-01-22 00:08:14 --> Session: Class initialized using 'CodeIgniter\Session\Handlers\FileHandler' driver.
DEBUG - 2026-01-22 00:08:29 --> Session: Class initialized using 'CodeIgniter\Session\Handlers\FileHandler' driver.
DEBUG - 2026-01-22 00:08:31 --> Session: Class initialized using 'CodeIgniter\Session\Handlers\FileHandler' driver.
DEBUG - 2026-01-22 00:08:38 --> Session: Class initialized using 'CodeIgniter\Session\Handlers\FileHandler' driver.
DEBUG - 2026-01-22 00:08:38 --> Session: Class initialized using 'CodeIgniter\Session\Handlers\FileHandler' driver.
DEBUG - 2026-01-22 00:10:36 --> Session: Class initialized using 'CodeIgniter\Session\Handlers\FileHandler' driver.
DEBUG - 2026-01-22 00:10:45 --> Session: Class initialized using 'CodeIgniter\Session\Handlers\FileHandler' driver.
DEBUG - 2026-01-22 00:10:45 --> Session: Class initialized using 'CodeIgniter\Session\Handlers\FileHandler' driver.
DEBUG - 2026-01-22 00:10:51 --> Session: Class initialized using 'CodeIgniter\Session\Handlers\FileHandler' driver.
DEBUG - 2026-01-22 00:10:51 --> Session: Class initialized using 'CodeIgniter\Session\Handlers\FileHandler' driver.
DEBUG - 2026-01-22 00:10:56 --> Session: Class initialized using 'CodeIgniter\Session\Handlers\FileHandler' driver.
DEBUG - 2026-01-22 00:10:58 --> Session: Class initialized using 'CodeIgniter\Session\Handlers\FileHandler' driver.
DEBUG - 2026-01-22 00:10:58 --> Session: Class initialized using 'CodeIgniter\Session\Handlers\FileHandler' driver.
DEBUG - 2026-01-22 00:11:01 --> Session: Class initialized using 'CodeIgniter\Session\Handlers\FileHandler' driver.
DEBUG - 2026-01-22 00:11:02 --> Session: Class initialized using 'CodeIgniter\Session\Handlers\FileHandler' driver.
DEBUG - 2026-01-22 00:11:05 --> Session: Class initialized using 'CodeIgniter\Session\Handlers\FileHandler' driver.
DEBUG - 2026-01-22 00:11:09 --> Session: Class initialized using 'CodeIgniter\Session\Handlers\FileHandler' driver.
CRITICAL - 2026-01-22 00:11:09 --> Error: Call to a member function where() on int
[Method: GET, Route: ajax/supprimercompte/18]
in APPPATH\Controllers\Ajax.php on line 217.
 1 SYSTEMPATH\CodeIgniter.php(933): App\Controllers\Ajax->getSupprimercompte('18')
 2 SYSTEMPATH\CodeIgniter.php(507): CodeIgniter\CodeIgniter->runController(Object(App\Controllers\Ajax))
 3 SYSTEMPATH\CodeIgniter.php(354): CodeIgniter\CodeIgniter->handleRequest(null, Object(Config\Cache), false)
 4 SYSTEMPATH\Boot.php(363): CodeIgniter\CodeIgniter->run()
 5 SYSTEMPATH\Boot.php(68): CodeIgniter\Boot::runCodeIgniter(Object(CodeIgniter\CodeIgniter))
 6 FCPATH\index.php(59): CodeIgniter\Boot::bootWeb(Object(Config\Paths))
DEBUG - 2026-01-22 00:11:12 --> Session: Class initialized using 'CodeIgniter\Session\Handlers\FileHandler' driver.
DEBUG - 2026-01-22 00:11:38 --> Session: Class initialized using 'CodeIgniter\Session\Handlers\FileHandler' driver.
DEBUG - 2026-01-22 00:11:44 --> Session: Class initialized using 'CodeIgniter\Session\Handlers\FileHandler' driver.
DEBUG - 2026-01-22 00:11:48 --> Session: Class initialized using 'CodeIgniter\Session\Handlers\FileHandler' driver.
DEBUG - 2026-01-22 00:12:09 --> Session: Class initialized using 'CodeIgniter\Session\Handlers\FileHandler' driver.
DEBUG - 2026-01-22 00:12:13 --> Session: Class initialized using 'CodeIgniter\Session\Handlers\FileHandler' driver.
DEBUG - 2026-01-22 00:23:32 --> Session: Class initialized using 'CodeIgniter\Session\Handlers\FileHandler' driver.
DEBUG - 2026-01-22 00:24:06 --> Session: Class initialized using 'CodeIgniter\Session\Handlers\FileHandler' driver.
DEBUG - 2026-01-22 00:24:07 --> Session: Class initialized using 'CodeIgniter\Session\Handlers\FileHandler' driver.
DEBUG - 2026-01-22 00:24:07 --> Session: Class initialized using 'CodeIgniter\Session\Handlers\FileHandler' driver.
DEBUG - 2026-01-22 00:24:16 --> Session: Class initialized using 'CodeIgniter\Session\Handlers\FileHandler' driver.
DEBUG - 2026-01-22 00:24:16 --> Session: Class initialized using 'CodeIgniter\Session\Handlers\FileHandler' driver.
DEBUG - 2026-01-22 00:24:19 --> Session: Class initialized using 'CodeIgniter\Session\Handlers\FileHandler' driver.
DEBUG - 2026-01-22 00:24:23 --> Session: Class initialized using 'CodeIgniter\Session\Handlers\FileHandler' driver.
DEBUG - 2026-01-22 00:24:24 --> Session: Class initialized using 'CodeIgniter\Session\Handlers\FileHandler' driver.
DEBUG - 2026-01-22 00:24:27 --> Session: Class initialized using 'CodeIgniter\Session\Handlers\FileHandler' driver.
DEBUG - 2026-01-22 00:25:41 --> Session: Class initialized using 'CodeIgniter\Session\Handlers\FileHandler' driver.
DEBUG - 2026-01-22 00:25:41 --> Session: Class initialized using 'CodeIgniter\Session\Handlers\FileHandler' driver.
DEBUG - 2026-01-22 00:25:43 --> Session: Class initialized using 'CodeIgniter\Session\Handlers\FileHandler' driver.
DEBUG - 2026-01-22 00:25:48 --> Session: Class initialized using 'CodeIgniter\Session\Handlers\FileHandler' driver.
DEBUG - 2026-01-22 00:29:55 --> Session: Class initialized using 'CodeIgniter\Session\Handlers\FileHandler' driver.
DEBUG - 2026-01-22 00:29:57 --> Session: Class initialized using 'CodeIgniter\Session\Handlers\FileHandler' driver.
DEBUG - 2026-01-22 00:30:03 --> Session: Class initialized using 'CodeIgniter\Session\Handlers\FileHandler' driver.
DEBUG - 2026-01-22 00:30:59 --> Session: Class initialized using 'CodeIgniter\Session\Handlers\FileHandler' driver.
DEBUG - 2026-01-22 00:33:03 --> Session: Class initialized using 'CodeIgniter\Session\Handlers\FileHandler' driver.
DEBUG - 2026-01-22 00:38:07 --> Session: Class initialized using 'CodeIgniter\Session\Handlers\FileHandler' driver.
DEBUG - 2026-01-22 00:38:07 --> Session: Class initialized using 'CodeIgniter\Session\Handlers\FileHandler' driver.
DEBUG - 2026-01-22 00:39:04 --> Session: Class initialized using 'CodeIgniter\Session\Handlers\FileHandler' driver.
DEBUG - 2026-01-22 00:39:37 --> Session: Class initialized using 'CodeIgniter\Session\Handlers\FileHandler' driver.
DEBUG - 2026-01-22 00:40:39 --> Session: Class initialized using 'CodeIgniter\Session\Handlers\FileHandler' driver.
DEBUG - 2026-01-22 00:44:24 --> Session: Class initialized using 'CodeIgniter\Session\Handlers\FileHandler' driver.
DEBUG - 2026-01-22 00:44:26 --> Session: Class initialized using 'CodeIgniter\Session\Handlers\FileHandler' driver.
DEBUG - 2026-01-22 00:45:15 --> Session: Class initialized using 'CodeIgniter\Session\Handlers\FileHandler' driver.
DEBUG - 2026-01-22 00:45:24 --> Session: Class initialized using 'CodeIgniter\Session\Handlers\FileHandler' driver.
DEBUG - 2026-01-22 00:45:25 --> Session: Class initialized using 'CodeIgniter\Session\Handlers\FileHandler' driver.
DEBUG - 2026-01-22 00:45:34 --> Session: Class initialized using 'CodeIgniter\Session\Handlers\FileHandler' driver.
DEBUG - 2026-01-22 00:46:12 --> Session: Class initialized using 'CodeIgniter\Session\Handlers\FileHandler' driver.
DEBUG - 2026-01-22 00:46:44 --> Session: Class initialized using 'CodeIgniter\Session\Handlers\FileHandler' driver.
DEBUG - 2026-01-22 00:46:58 --> Session: Class initialized using 'CodeIgniter\Session\Handlers\FileHandler' driver.
DEBUG - 2026-01-22 00:46:59 --> Session: Class initialized using 'CodeIgniter\Session\Handlers\FileHandler' driver.
DEBUG - 2026-01-22 00:47:01 --> Session: Class initialized using 'CodeIgniter\Session\Handlers\FileHandler' driver.
DEBUG - 2026-01-22 00:47:05 --> Session: Class initialized using 'CodeIgniter\Session\Handlers\FileHandler' driver.
DEBUG - 2026-01-22 00:49:06 --> Session: Class initialized using 'CodeIgniter\Session\Handlers\FileHandler' driver.
DEBUG - 2026-01-22 01:19:13 --> Session: Class initialized using 'CodeIgniter\Session\Handlers\FileHandler' driver.
DEBUG - 2026-01-22 01:19:37 --> Session: Class initialized using 'CodeIgniter\Session\Handlers\FileHandler' driver.
CRITICAL - 2026-01-22 01:19:37 --> Illuminate\Database\QueryException: SQLSTATE[42S22]: Column not found: 1054 Champ 'fernandesflorian38200@gmail.com' inconnu dans where clause (Connection: default, SQL: select * from `password_resets` where (`fernandesflorian38200@gmail`.`com` is null and `152760` = 2026-01-22 01-34-37) limit 1)
[Method: POST, Route: auth/mailchangepassword]
in FCPATH\vendor\illuminate\database\Connection.php on line 826.
 1 FCPATH\vendor\illuminate\database\Connection.php(780): Illuminate\Database\Connection->runQueryCallback('select * from `password_resets` where (`fernandesflorian38200@gmail`.`com` is null and `152760` = ?) limit 1', [...], Object(Closure))
 2 FCPATH\vendor\illuminate\database\Connection.php(397): Illuminate\Database\Connection->run('select * from `password_resets` where (`fernandesflorian38200@gmail`.`com` is null and `152760` = ?) limit 1', [...], Object(Closure))
 3 FCPATH\vendor\illuminate\database\Query\Builder.php(3188): Illuminate\Database\Connection->select('select * from `password_resets` where (`fernandesflorian38200@gmail`.`com` is null and `152760` = ?) limit 1', [...], true)
 4 FCPATH\vendor\illuminate\database\Query\Builder.php(3173): Illuminate\Database\Query\Builder->runSelect()
 5 FCPATH\vendor\illuminate\database\Query\Builder.php(3763): Illuminate\Database\Query\Builder->Illuminate\Database\Query\{closure}()
 6 FCPATH\vendor\illuminate\database\Query\Builder.php(3172): Illuminate\Database\Query\Builder->onceWithColumns([...], Object(Closure))
 7 FCPATH\vendor\illuminate\database\Eloquent\Builder.php(902): Illuminate\Database\Query\Builder->get([...])
 8 FCPATH\vendor\illuminate\database\Eloquent\Builder.php(884): Illuminate\Database\Eloquent\Builder->getModels([...])
 9 FCPATH\vendor\illuminate\database\Concerns\BuildsQueries.php(366): Illuminate\Database\Eloquent\Builder->get([...])
10 FCPATH\vendor\illuminate\database\Eloquent\Builder.php(708): Illuminate\Database\Eloquent\Builder->first()
11 FCPATH\vendor\illuminate\database\Eloquent\Builder.php(740): Illuminate\Database\Eloquent\Builder->firstOrCreate([...], [])
12 FCPATH\vendor\illuminate\support\Traits\ForwardsCalls.php(23): Illuminate\Database\Eloquent\Builder->updateOrCreate([...])
13 FCPATH\vendor\illuminate\database\Eloquent\Model.php(2540): Illuminate\Database\Eloquent\Model->forwardCallTo(Object(Illuminate\Database\Eloquent\Builder), 'updateOrCreate', [...])
14 FCPATH\vendor\illuminate\database\Eloquent\Model.php(2556): Illuminate\Database\Eloquent\Model->__call('updateOrCreate', [...])
15 APPPATH\Controllers\Auth.php(336): Illuminate\Database\Eloquent\Model::__callStatic('updateOrCreate', [...])
16 SYSTEMPATH\CodeIgniter.php(933): App\Controllers\Auth->postMailchangepassword()
17 SYSTEMPATH\CodeIgniter.php(507): CodeIgniter\CodeIgniter->runController(Object(App\Controllers\Auth))
18 SYSTEMPATH\CodeIgniter.php(354): CodeIgniter\CodeIgniter->handleRequest(null, Object(Config\Cache), false)
19 SYSTEMPATH\Boot.php(363): CodeIgniter\CodeIgniter->run()
20 SYSTEMPATH\Boot.php(68): CodeIgniter\Boot::runCodeIgniter(Object(CodeIgniter\CodeIgniter))
21 FCPATH\index.php(59): CodeIgniter\Boot::bootWeb(Object(Config\Paths))
CRITICAL - 2026-01-22 01:19:37 --> [Caused by] PDOException: SQLSTATE[42S22]: Column not found: 1054 Champ 'fernandesflorian38200@gmail.com' inconnu dans where clause
in FCPATH\vendor\illuminate\database\Connection.php on line 406.
 1 FCPATH\vendor\illuminate\database\Connection.php(406): PDO->prepare('select * from `password_resets` where (`fernandesflorian38200@gmail`.`com` is null and `152760` = ?) limit 1')
 2 FCPATH\vendor\illuminate\database\Connection.php(813): Illuminate\Database\Connection->Illuminate\Database\{closure}('select * from `password_resets` where (`fernandesflorian38200@gmail`.`com` is null and `152760` = ?) limit 1', [...])
 3 FCPATH\vendor\illuminate\database\Connection.php(780): Illuminate\Database\Connection->runQueryCallback('select * from `password_resets` where (`fernandesflorian38200@gmail`.`com` is null and `152760` = ?) limit 1', [...], Object(Closure))
 4 FCPATH\vendor\illuminate\database\Connection.php(397): Illuminate\Database\Connection->run('select * from `password_resets` where (`fernandesflorian38200@gmail`.`com` is null and `152760` = ?) limit 1', [...], Object(Closure))
 5 FCPATH\vendor\illuminate\database\Query\Builder.php(3188): Illuminate\Database\Connection->select('select * from `password_resets` where (`fernandesflorian38200@gmail`.`com` is null and `152760` = ?) limit 1', [...], true)
 6 FCPATH\vendor\illuminate\database\Query\Builder.php(3173): Illuminate\Database\Query\Builder->runSelect()
 7 FCPATH\vendor\illuminate\database\Query\Builder.php(3763): Illuminate\Database\Query\Builder->Illuminate\Database\Query\{closure}()
 8 FCPATH\vendor\illuminate\database\Query\Builder.php(3172): Illuminate\Database\Query\Builder->onceWithColumns([...], Object(Closure))
 9 FCPATH\vendor\illuminate\database\Eloquent\Builder.php(902): Illuminate\Database\Query\Builder->get([...])
10 FCPATH\vendor\illuminate\database\Eloquent\Builder.php(884): Illuminate\Database\Eloquent\Builder->getModels([...])
11 FCPATH\vendor\illuminate\database\Concerns\BuildsQueries.php(366): Illuminate\Database\Eloquent\Builder->get([...])
12 FCPATH\vendor\illuminate\database\Eloquent\Builder.php(708): Illuminate\Database\Eloquent\Builder->first()
13 FCPATH\vendor\illuminate\database\Eloquent\Builder.php(740): Illuminate\Database\Eloquent\Builder->firstOrCreate([...], [])
14 FCPATH\vendor\illuminate\support\Traits\ForwardsCalls.php(23): Illuminate\Database\Eloquent\Builder->updateOrCreate([...])
15 FCPATH\vendor\illuminate\database\Eloquent\Model.php(2540): Illuminate\Database\Eloquent\Model->forwardCallTo(Object(Illuminate\Database\Eloquent\Builder), 'updateOrCreate', [...])
16 FCPATH\vendor\illuminate\database\Eloquent\Model.php(2556): Illuminate\Database\Eloquent\Model->__call('updateOrCreate', [...])
17 APPPATH\Controllers\Auth.php(336): Illuminate\Database\Eloquent\Model::__callStatic('updateOrCreate', [...])
18 SYSTEMPATH\CodeIgniter.php(933): App\Controllers\Auth->postMailchangepassword()
19 SYSTEMPATH\CodeIgniter.php(507): CodeIgniter\CodeIgniter->runController(Object(App\Controllers\Auth))
20 SYSTEMPATH\CodeIgniter.php(354): CodeIgniter\CodeIgniter->handleRequest(null, Object(Config\Cache), false)
21 SYSTEMPATH\Boot.php(363): CodeIgniter\CodeIgniter->run()
22 SYSTEMPATH\Boot.php(68): CodeIgniter\Boot::runCodeIgniter(Object(CodeIgniter\CodeIgniter))
23 FCPATH\index.php(59): CodeIgniter\Boot::bootWeb(Object(Config\Paths))
DEBUG - 2026-01-22 01:23:12 --> Session: Class initialized using 'CodeIgniter\Session\Handlers\FileHandler' driver.
DEBUG - 2026-01-22 01:23:14 --> Session: Class initialized using 'CodeIgniter\Session\Handlers\FileHandler' driver.
DEBUG - 2026-01-22 01:25:45 --> Session: Class initialized using 'CodeIgniter\Session\Handlers\FileHandler' driver.
DEBUG - 2026-01-22 01:25:46 --> Session: Class initialized using 'CodeIgniter\Session\Handlers\FileHandler' driver.
ERROR - 2026-01-22 01:25:47 --> Email: sendWithSmtp throwed ErrorException: stream_socket_enable_crypto(): SSL/TLS already set-up for this stream in C:\wamp64\www\pharmaloz\vendor\codeigniter4\framework\system\Email\Email.php:1925
Stack trace:
#0 [internal function]: CodeIgniter\Debug\Exceptions->errorHandler(2, 'stream_socket_e...', 'C:\\wamp64\\www\\p...', 1925)
#1 C:\wamp64\www\pharmaloz\vendor\codeigniter4\framework\system\Email\Email.php(1925): stream_socket_enable_crypto(Resource id #13, true, 121)
#2 C:\wamp64\www\pharmaloz\vendor\codeigniter4\framework\system\Email\Email.php(1818): CodeIgniter\Email\Email->SMTPConnect()
#3 C:\wamp64\www\pharmaloz\vendor\codeigniter4\framework\system\Email\Email.php(1703): CodeIgniter\Email\Email->sendWithSmtp()
#4 C:\wamp64\www\pharmaloz\vendor\codeigniter4\framework\system\Email\Email.php(1597): CodeIgniter\Email\Email->spoolEmail()
#5 C:\wamp64\www\pharmaloz\app\Controllers\Auth.php(351): CodeIgniter\Email\Email->send()
#6 C:\wamp64\www\pharmaloz\vendor\codeigniter4\framework\system\CodeIgniter.php(933): App\Controllers\Auth->postMailchangepassword()
#7 C:\wamp64\www\pharmaloz\vendor\codeigniter4\framework\system\CodeIgniter.php(507): CodeIgniter\CodeIgniter->runController(Object(App\Controllers\Auth))
#8 C:\wamp64\www\pharmaloz\vendor\codeigniter4\framework\system\CodeIgniter.php(354): CodeIgniter\CodeIgniter->handleRequest(NULL, Object(Config\Cache), false)
#9 C:\wamp64\www\pharmaloz\vendor\codeigniter4\framework\system\Boot.php(363): CodeIgniter\CodeIgniter->run()
#10 C:\wamp64\www\pharmaloz\vendor\codeigniter4\framework\system\Boot.php(68): CodeIgniter\Boot::runCodeIgniter(Object(CodeIgniter\CodeIgniter))
#11 C:\wamp64\www\pharmaloz\index.php(59): CodeIgniter\Boot::bootWeb(Object(Config\Paths))
#12 {main}
ERROR - 2026-01-22 01:25:47 --> Email: Unable to send email using SMTP. Your server might not be configured to send mail using this method.
ERROR - 2026-01-22 01:25:47 --> 220 smtp.gmail.com ESMTP ffacd0b85a97d-43569921df9sm41596001f8f.3 - gsmtp

hello: 250-smtp.gmail.com at your service, [2a01:e0a:b5e:15c0:ec3f:c3c9:24c8:79c]
250-SIZE 35882577
250-8BITMIME
250-AUTH LOGIN PLAIN XOAUTH2 PLAIN-CLIENTTOKEN OAUTHBEARER XOAUTH
250-ENHANCEDSTATUSCODES
250-PIPELINING
250-CHUNKING
250 SMTPUTF8

starttls: 530-5.7.0 Authentication Required. For more information, go to
530 5.7.0  https://support.google.com/accounts/troubleshooter/2402620. ffacd0b85a97d-43569921df9sm41596001f8f.3 - gsmtp

The following SMTP error was encountered: 530-5.7.0 Authentication Required. For more information, go to
530 5.7.0  https://support.google.com/accounts/troubleshooter/2402620. ffacd0b85a97d-43569921df9sm41596001f8f.3 - gsmtp

DEBUG - 2026-01-22 01:26:43 --> Session: Class initialized using 'CodeIgniter\Session\Handlers\FileHandler' driver.
DEBUG - 2026-01-22 01:26:46 --> Session: Class initialized using 'CodeIgniter\Session\Handlers\FileHandler' driver.
DEBUG - 2026-01-22 01:26:51 --> Session: Class initialized using 'CodeIgniter\Session\Handlers\FileHandler' driver.
ERROR - 2026-01-22 01:26:51 --> Email: sendWithSmtp throwed ErrorException: stream_socket_enable_crypto(): SSL/TLS already set-up for this stream in C:\wamp64\www\pharmaloz\vendor\codeigniter4\framework\system\Email\Email.php:1925
Stack trace:
#0 [internal function]: CodeIgniter\Debug\Exceptions->errorHandler(2, 'stream_socket_e...', 'C:\\wamp64\\www\\p...', 1925)
#1 C:\wamp64\www\pharmaloz\vendor\codeigniter4\framework\system\Email\Email.php(1925): stream_socket_enable_crypto(Resource id #13, true, 121)
#2 C:\wamp64\www\pharmaloz\vendor\codeigniter4\framework\system\Email\Email.php(1818): CodeIgniter\Email\Email->SMTPConnect()
#3 C:\wamp64\www\pharmaloz\vendor\codeigniter4\framework\system\Email\Email.php(1703): CodeIgniter\Email\Email->sendWithSmtp()
#4 C:\wamp64\www\pharmaloz\vendor\codeigniter4\framework\system\Email\Email.php(1597): CodeIgniter\Email\Email->spoolEmail()
#5 C:\wamp64\www\pharmaloz\app\Controllers\Auth.php(351): CodeIgniter\Email\Email->send()
#6 C:\wamp64\www\pharmaloz\vendor\codeigniter4\framework\system\CodeIgniter.php(933): App\Controllers\Auth->postMailchangepassword()
#7 C:\wamp64\www\pharmaloz\vendor\codeigniter4\framework\system\CodeIgniter.php(507): CodeIgniter\CodeIgniter->runController(Object(App\Controllers\Auth))
#8 C:\wamp64\www\pharmaloz\vendor\codeigniter4\framework\system\CodeIgniter.php(354): CodeIgniter\CodeIgniter->handleRequest(NULL, Object(Config\Cache), false)
#9 C:\wamp64\www\pharmaloz\vendor\codeigniter4\framework\system\Boot.php(363): CodeIgniter\CodeIgniter->run()
#10 C:\wamp64\www\pharmaloz\vendor\codeigniter4\framework\system\Boot.php(68): CodeIgniter\Boot::runCodeIgniter(Object(CodeIgniter\CodeIgniter))
#11 C:\wamp64\www\pharmaloz\index.php(59): CodeIgniter\Boot::bootWeb(Object(Config\Paths))
#12 {main}
ERROR - 2026-01-22 01:26:51 --> Email: Unable to send email using SMTP. Your server might not be configured to send mail using this method.
ERROR - 2026-01-22 01:26:51 --> 220 smtp.gmail.com ESMTP ffacd0b85a97d-435a431c189sm4417227f8f.24 - gsmtp

hello: 250-smtp.gmail.com at your service, [2a01:e0a:b5e:15c0:ec3f:c3c9:24c8:79c]
250-SIZE 35882577
250-8BITMIME
250-AUTH LOGIN PLAIN XOAUTH2 PLAIN-CLIENTTOKEN OAUTHBEARER XOAUTH
250-ENHANCEDSTATUSCODES
250-PIPELINING
250-CHUNKING
250 SMTPUTF8

starttls: 530-5.7.0 Authentication Required. For more information, go to
530 5.7.0  https://support.google.com/accounts/troubleshooter/2402620. ffacd0b85a97d-435a431c189sm4417227f8f.24 - gsmtp

The following SMTP error was encountered: 530-5.7.0 Authentication Required. For more information, go to
530 5.7.0  https://support.google.com/accounts/troubleshooter/2402620. ffacd0b85a97d-435a431c189sm4417227f8f.24 - gsmtp

DEBUG - 2026-01-22 01:28:13 --> Session: Class initialized using 'CodeIgniter\Session\Handlers\FileHandler' driver.
DEBUG - 2026-01-22 01:28:15 --> Session: Class initialized using 'CodeIgniter\Session\Handlers\FileHandler' driver.
DEBUG - 2026-01-22 01:28:19 --> Session: Class initialized using 'CodeIgniter\Session\Handlers\FileHandler' driver.
ERROR - 2026-01-22 01:28:19 --> Email: sendWithSmtp throwed ErrorException: stream_socket_enable_crypto(): SSL/TLS already set-up for this stream in C:\wamp64\www\pharmaloz\vendor\codeigniter4\framework\system\Email\Email.php:1925
Stack trace:
#0 [internal function]: CodeIgniter\Debug\Exceptions->errorHandler(2, 'stream_socket_e...', 'C:\\wamp64\\www\\p...', 1925)
#1 C:\wamp64\www\pharmaloz\vendor\codeigniter4\framework\system\Email\Email.php(1925): stream_socket_enable_crypto(Resource id #12, true, 121)
#2 C:\wamp64\www\pharmaloz\vendor\codeigniter4\framework\system\Email\Email.php(1818): CodeIgniter\Email\Email->SMTPConnect()
#3 C:\wamp64\www\pharmaloz\vendor\codeigniter4\framework\system\Email\Email.php(1703): CodeIgniter\Email\Email->sendWithSmtp()
#4 C:\wamp64\www\pharmaloz\vendor\codeigniter4\framework\system\Email\Email.php(1597): CodeIgniter\Email\Email->spoolEmail()
#5 C:\wamp64\www\pharmaloz\app\Controllers\Auth.php(351): CodeIgniter\Email\Email->send()
#6 C:\wamp64\www\pharmaloz\vendor\codeigniter4\framework\system\CodeIgniter.php(933): App\Controllers\Auth->postMailchangepassword()
#7 C:\wamp64\www\pharmaloz\vendor\codeigniter4\framework\system\CodeIgniter.php(507): CodeIgniter\CodeIgniter->runController(Object(App\Controllers\Auth))
#8 C:\wamp64\www\pharmaloz\vendor\codeigniter4\framework\system\CodeIgniter.php(354): CodeIgniter\CodeIgniter->handleRequest(NULL, Object(Config\Cache), false)
#9 C:\wamp64\www\pharmaloz\vendor\codeigniter4\framework\system\Boot.php(363): CodeIgniter\CodeIgniter->run()
#10 C:\wamp64\www\pharmaloz\vendor\codeigniter4\framework\system\Boot.php(68): CodeIgniter\Boot::runCodeIgniter(Object(CodeIgniter\CodeIgniter))
#11 C:\wamp64\www\pharmaloz\index.php(59): CodeIgniter\Boot::bootWeb(Object(Config\Paths))
#12 {main}
ERROR - 2026-01-22 01:28:19 --> Email: Unable to send email using SMTP. Your server might not be configured to send mail using this method.
ERROR - 2026-01-22 01:28:19 --> 220 smtp.gmail.com ESMTP ffacd0b85a97d-4356997e6cdsm42170216f8f.31 - gsmtp

hello: 250-smtp.gmail.com at your service, [2a01:e0a:b5e:15c0:ec3f:c3c9:24c8:79c]
250-SIZE 35882577
250-8BITMIME
250-AUTH LOGIN PLAIN XOAUTH2 PLAIN-CLIENTTOKEN OAUTHBEARER XOAUTH
250-ENHANCEDSTATUSCODES
250-PIPELINING
250-CHUNKING
250 SMTPUTF8

starttls: 530-5.7.0 Authentication Required. For more information, go to
530 5.7.0  https://support.google.com/accounts/troubleshooter/2402620. ffacd0b85a97d-4356997e6cdsm42170216f8f.31 - gsmtp

The following SMTP error was encountered: 530-5.7.0 Authentication Required. For more information, go to
530 5.7.0  https://support.google.com/accounts/troubleshooter/2402620. ffacd0b85a97d-4356997e6cdsm42170216f8f.31 - gsmtp

DEBUG - 2026-01-22 01:29:21 --> Session: Class initialized using 'CodeIgniter\Session\Handlers\FileHandler' driver.
DEBUG - 2026-01-22 01:29:22 --> Session: Class initialized using 'CodeIgniter\Session\Handlers\FileHandler' driver.
DEBUG - 2026-01-22 01:29:25 --> Session: Class initialized using 'CodeIgniter\Session\Handlers\FileHandler' driver.
DEBUG - 2026-01-22 01:30:41 --> Session: Class initialized using 'CodeIgniter\Session\Handlers\FileHandler' driver.
DEBUG - 2026-01-22 01:30:53 --> Session: Class initialized using 'CodeIgniter\Session\Handlers\FileHandler' driver.
DEBUG - 2026-01-22 01:31:07 --> Session: Class initialized using 'CodeIgniter\Session\Handlers\FileHandler' driver.
DEBUG - 2026-01-22 01:31:35 --> Session: Class initialized using 'CodeIgniter\Session\Handlers\FileHandler' driver.
DEBUG - 2026-01-22 01:31:48 --> Session: Class initialized using 'CodeIgniter\Session\Handlers\FileHandler' driver.
DEBUG - 2026-01-22 01:32:10 --> Session: Class initialized using 'CodeIgniter\Session\Handlers\FileHandler' driver.
DEBUG - 2026-01-22 01:32:16 --> Session: Class initialized using 'CodeIgniter\Session\Handlers\FileHandler' driver.
DEBUG - 2026-01-22 01:32:29 --> Session: Class initialized using 'CodeIgniter\Session\Handlers\FileHandler' driver.
DEBUG - 2026-01-22 01:32:33 --> Session: Class initialized using 'CodeIgniter\Session\Handlers\FileHandler' driver.
DEBUG - 2026-01-22 01:33:41 --> Session: Class initialized using 'CodeIgniter\Session\Handlers\FileHandler' driver.
DEBUG - 2026-01-22 01:33:43 --> Session: Class initialized using 'CodeIgniter\Session\Handlers\FileHandler' driver.
DEBUG - 2026-01-22 01:33:52 --> Session: Class initialized using 'CodeIgniter\Session\Handlers\FileHandler' driver.
DEBUG - 2026-01-22 01:36:23 --> Session: Class initialized using 'CodeIgniter\Session\Handlers\FileHandler' driver.
DEBUG - 2026-01-22 01:36:57 --> Session: Class initialized using 'CodeIgniter\Session\Handlers\FileHandler' driver.
DEBUG - 2026-01-22 01:46:50 --> Session: Class initialized using 'CodeIgniter\Session\Handlers\FileHandler' driver.
DEBUG - 2026-01-22 01:46:53 --> Session: Class initialized using 'CodeIgniter\Session\Handlers\FileHandler' driver.
DEBUG - 2026-01-22 01:46:57 --> Session: Class initialized using 'CodeIgniter\Session\Handlers\FileHandler' driver.
CRITICAL - 2026-01-22 01:46:57 --> ValueError: password_hash(): Argument #2 ($algo) must be a valid password hashing algorithm
[Method: POST, Route: auth/mailchangepassword]
in APPPATH\Controllers\Auth.php on line 339.
 1 APPPATH\Controllers\Auth.php(339): password_hash(Object(SensitiveParameterValue), 'PASSWORD_DEFAULT')
 2 SYSTEMPATH\CodeIgniter.php(933): App\Controllers\Auth->postMailchangepassword()
 3 SYSTEMPATH\CodeIgniter.php(507): CodeIgniter\CodeIgniter->runController(Object(App\Controllers\Auth))
 4 SYSTEMPATH\CodeIgniter.php(354): CodeIgniter\CodeIgniter->handleRequest(null, Object(Config\Cache), false)
 5 SYSTEMPATH\Boot.php(363): CodeIgniter\CodeIgniter->run()
 6 SYSTEMPATH\Boot.php(68): CodeIgniter\Boot::runCodeIgniter(Object(CodeIgniter\CodeIgniter))
 7 FCPATH\index.php(59): CodeIgniter\Boot::bootWeb(Object(Config\Paths))
DEBUG - 2026-01-22 01:47:25 --> Session: Class initialized using 'CodeIgniter\Session\Handlers\FileHandler' driver.
DEBUG - 2026-01-22 01:47:27 --> Session: Class initialized using 'CodeIgniter\Session\Handlers\FileHandler' driver.
DEBUG - 2026-01-22 01:47:35 --> Session: Class initialized using 'CodeIgniter\Session\Handlers\FileHandler' driver.
DEBUG - 2026-01-22 01:48:46 --> Session: Class initialized using 'CodeIgniter\Session\Handlers\FileHandler' driver.
DEBUG - 2026-01-22 01:48:53 --> Session: Class initialized using 'CodeIgniter\Session\Handlers\FileHandler' driver.
DEBUG - 2026-01-22 01:49:01 --> Session: Class initialized using 'CodeIgniter\Session\Handlers\FileHandler' driver.
DEBUG - 2026-01-22 01:49:09 --> Session: Class initialized using 'CodeIgniter\Session\Handlers\FileHandler' driver.
DEBUG - 2026-01-22 01:49:09 --> Session: Class initialized using 'CodeIgniter\Session\Handlers\FileHandler' driver.
DEBUG - 2026-01-22 01:49:14 --> Session: Class initialized using 'CodeIgniter\Session\Handlers\FileHandler' driver.
DEBUG - 2026-01-22 01:49:23 --> Session: Class initialized using 'CodeIgniter\Session\Handlers\FileHandler' driver.
DEBUG - 2026-01-22 01:50:38 --> Session: Class initialized using 'CodeIgniter\Session\Handlers\FileHandler' driver.
DEBUG - 2026-01-22 01:56:25 --> Session: Class initialized using 'CodeIgniter\Session\Handlers\FileHandler' driver.
DEBUG - 2026-01-22 01:56:27 --> Session: Class initialized using 'CodeIgniter\Session\Handlers\FileHandler' driver.
DEBUG - 2026-01-22 01:56:31 --> Session: Class initialized using 'CodeIgniter\Session\Handlers\FileHandler' driver.
DEBUG - 2026-01-22 01:56:42 --> Session: Class initialized using 'CodeIgniter\Session\Handlers\FileHandler' driver.
DEBUG - 2026-01-22 01:56:56 --> Session: Class initialized using 'CodeIgniter\Session\Handlers\FileHandler' driver.
CRITICAL - 2026-01-22 01:56:56 --> BadMethodCallException: Call to undefined method Illuminate\Database\Eloquent\Builder::save()
[Method: POST, Route: auth/changepassword]
in FCPATH\vendor\illuminate\support\Traits\ForwardsCalls.php on line 67.
 1 FCPATH\vendor\illuminate\support\Traits\ForwardsCalls.php(36): Illuminate\Database\Eloquent\Builder::throwBadMethodCallException('save')
 2 FCPATH\vendor\illuminate\database\Eloquent\Builder.php(2238): Illuminate\Database\Eloquent\Builder->forwardCallTo(Object(Illuminate\Database\Query\Builder), 'save', [])
 3 APPPATH\Controllers\Auth.php(403): Illuminate\Database\Eloquent\Builder->__call('save', [])
 4 SYSTEMPATH\CodeIgniter.php(933): App\Controllers\Auth->postChangepassword()
 5 SYSTEMPATH\CodeIgniter.php(507): CodeIgniter\CodeIgniter->runController(Object(App\Controllers\Auth))
 6 SYSTEMPATH\CodeIgniter.php(354): CodeIgniter\CodeIgniter->handleRequest(null, Object(Config\Cache), false)
 7 SYSTEMPATH\Boot.php(363): CodeIgniter\CodeIgniter->run()
 8 SYSTEMPATH\Boot.php(68): CodeIgniter\Boot::runCodeIgniter(Object(CodeIgniter\CodeIgniter))
 9 FCPATH\index.php(59): CodeIgniter\Boot::bootWeb(Object(Config\Paths))
DEBUG - 2026-01-22 01:59:14 --> Session: Class initialized using 'CodeIgniter\Session\Handlers\FileHandler' driver.
DEBUG - 2026-01-22 01:59:14 --> Session: Class initialized using 'CodeIgniter\Session\Handlers\FileHandler' driver.
DEBUG - 2026-01-22 01:59:16 --> Session: Class initialized using 'CodeIgniter\Session\Handlers\FileHandler' driver.
DEBUG - 2026-01-22 01:59:18 --> Session: Class initialized using 'CodeIgniter\Session\Handlers\FileHandler' driver.
DEBUG - 2026-01-22 01:59:26 --> Session: Class initialized using 'CodeIgniter\Session\Handlers\FileHandler' driver.
DEBUG - 2026-01-22 01:59:36 --> Session: Class initialized using 'CodeIgniter\Session\Handlers\FileHandler' driver.
DEBUG - 2026-01-22 01:59:36 --> Session: Class initialized using 'CodeIgniter\Session\Handlers\FileHandler' driver.
DEBUG - 2026-01-22 01:59:52 --> Session: Class initialized using 'CodeIgniter\Session\Handlers\FileHandler' driver.
DEBUG - 2026-01-22 01:59:52 --> Session: Class initialized using 'CodeIgniter\Session\Handlers\FileHandler' driver.
DEBUG - 2026-01-22 02:01:54 --> Session: Class initialized using 'CodeIgniter\Session\Handlers\FileHandler' driver.
DEBUG - 2026-01-22 02:02:13 --> Session: Class initialized using 'CodeIgniter\Session\Handlers\FileHandler' driver.
DEBUG - 2026-01-22 02:07:39 --> Session: Class initialized using 'CodeIgniter\Session\Handlers\FileHandler' driver.
DEBUG - 2026-01-22 02:21:47 --> Session: Class initialized using 'CodeIgniter\Session\Handlers\FileHandler' driver.
